{"/Users/bernardo/Dropbox/_SCHOOL/CODE/willpassoverandeasteroverlap/webapp/src/data/enums.ts": {"path":"/Users/bernardo/Dropbox/_SCHOOL/CODE/willpassoverandeasteroverlap/webapp/src/data/enums.ts","statementMap":{"0":{"start":{"line":1,"column":0},"end":{"line":1,"column":null}},"1":{"start":{"line":2,"column":2},"end":{"line":2,"column":null}},"2":{"start":{"line":3,"column":2},"end":{"line":3,"column":null}},"3":{"start":{"line":4,"column":2},"end":{"line":4,"column":null}},"4":{"start":{"line":5,"column":2},"end":{"line":5,"column":null}},"5":{"start":{"line":6,"column":2},"end":{"line":6,"column":null}},"6":{"start":{"line":7,"column":2},"end":{"line":7,"column":null}},"7":{"start":{"line":8,"column":2},"end":{"line":8,"column":null}},"8":{"start":{"line":11,"column":0},"end":{"line":11,"column":null}},"9":{"start":{"line":12,"column":2},"end":{"line":12,"column":null}},"10":{"start":{"line":13,"column":2},"end":{"line":13,"column":null}},"11":{"start":{"line":14,"column":2},"end":{"line":14,"column":null}},"12":{"start":{"line":15,"column":2},"end":{"line":15,"column":null}},"13":{"start":{"line":16,"column":2},"end":{"line":16,"column":null}},"14":{"start":{"line":17,"column":2},"end":{"line":17,"column":null}},"15":{"start":{"line":18,"column":2},"end":{"line":18,"column":null}},"16":{"start":{"line":21,"column":0},"end":{"line":21,"column":null}},"17":{"start":{"line":22,"column":2},"end":{"line":22,"column":null}},"18":{"start":{"line":23,"column":2},"end":{"line":23,"column":null}},"19":{"start":{"line":24,"column":2},"end":{"line":24,"column":null}},"20":{"start":{"line":25,"column":2},"end":{"line":25,"column":null}},"21":{"start":{"line":26,"column":2},"end":{"line":26,"column":null}},"22":{"start":{"line":27,"column":2},"end":{"line":27,"column":null}},"23":{"start":{"line":28,"column":2},"end":{"line":28,"column":null}},"24":{"start":{"line":29,"column":2},"end":{"line":29,"column":null}},"25":{"start":{"line":30,"column":2},"end":{"line":30,"column":null}},"26":{"start":{"line":31,"column":2},"end":{"line":31,"column":null}},"27":{"start":{"line":32,"column":2},"end":{"line":32,"column":null}},"28":{"start":{"line":33,"column":2},"end":{"line":33,"column":null}},"29":{"start":{"line":36,"column":0},"end":{"line":36,"column":null}},"30":{"start":{"line":37,"column":2},"end":{"line":37,"column":null}},"31":{"start":{"line":38,"column":2},"end":{"line":38,"column":null}},"32":{"start":{"line":39,"column":2},"end":{"line":39,"column":null}},"33":{"start":{"line":40,"column":2},"end":{"line":40,"column":null}},"34":{"start":{"line":41,"column":2},"end":{"line":41,"column":null}},"35":{"start":{"line":42,"column":2},"end":{"line":42,"column":null}},"36":{"start":{"line":43,"column":2},"end":{"line":43,"column":null}},"37":{"start":{"line":44,"column":2},"end":{"line":44,"column":null}},"38":{"start":{"line":45,"column":2},"end":{"line":45,"column":null}},"39":{"start":{"line":46,"column":2},"end":{"line":46,"column":null}},"40":{"start":{"line":47,"column":2},"end":{"line":47,"column":null}},"41":{"start":{"line":48,"column":2},"end":{"line":48,"column":null}},"42":{"start":{"line":51,"column":0},"end":{"line":51,"column":null}},"43":{"start":{"line":52,"column":2},"end":{"line":52,"column":null}},"44":{"start":{"line":53,"column":2},"end":{"line":53,"column":null}},"45":{"start":{"line":54,"column":2},"end":{"line":54,"column":null}}},"fnMap":{"0":{"name":"(anonymous_0)","decl":{"start":{"line":1,"column":0},"end":{"line":1,"column":12}},"loc":{"start":{"line":1,"column":16},"end":{"line":9,"column":1}}},"1":{"name":"(anonymous_1)","decl":{"start":{"line":11,"column":0},"end":{"line":11,"column":12}},"loc":{"start":{"line":11,"column":21},"end":{"line":19,"column":1}}},"2":{"name":"(anonymous_2)","decl":{"start":{"line":21,"column":0},"end":{"line":21,"column":12}},"loc":{"start":{"line":21,"column":18},"end":{"line":34,"column":1}}},"3":{"name":"(anonymous_3)","decl":{"start":{"line":36,"column":0},"end":{"line":36,"column":12}},"loc":{"start":{"line":36,"column":23},"end":{"line":49,"column":1}}},"4":{"name":"(anonymous_4)","decl":{"start":{"line":51,"column":0},"end":{"line":51,"column":12}},"loc":{"start":{"line":51,"column":17},"end":{"line":55,"column":1}}}},"branchMap":{"0":{"loc":{"start":{"line":1,"column":12},"end":{"line":1,"column":null}},"type":"binary-expr","locations":[{"start":{"line":1,"column":12},"end":{"line":1,"column":16}},{"start":{"line":1,"column":16},"end":{"line":1,"column":null}}]},"1":{"loc":{"start":{"line":11,"column":12},"end":{"line":11,"column":null}},"type":"binary-expr","locations":[{"start":{"line":11,"column":12},"end":{"line":11,"column":21}},{"start":{"line":11,"column":21},"end":{"line":11,"column":null}}]},"2":{"loc":{"start":{"line":21,"column":12},"end":{"line":21,"column":null}},"type":"binary-expr","locations":[{"start":{"line":21,"column":12},"end":{"line":21,"column":18}},{"start":{"line":21,"column":18},"end":{"line":21,"column":null}}]},"3":{"loc":{"start":{"line":36,"column":12},"end":{"line":36,"column":null}},"type":"binary-expr","locations":[{"start":{"line":36,"column":12},"end":{"line":36,"column":23}},{"start":{"line":36,"column":23},"end":{"line":36,"column":null}}]},"4":{"loc":{"start":{"line":51,"column":12},"end":{"line":51,"column":null}},"type":"binary-expr","locations":[{"start":{"line":51,"column":12},"end":{"line":51,"column":17}},{"start":{"line":51,"column":17},"end":{"line":51,"column":null}}]}},"s":{"0":2,"1":2,"2":2,"3":2,"4":2,"5":2,"6":2,"7":2,"8":2,"9":2,"10":2,"11":2,"12":2,"13":2,"14":2,"15":2,"16":2,"17":2,"18":2,"19":2,"20":2,"21":2,"22":2,"23":2,"24":2,"25":2,"26":2,"27":2,"28":2,"29":2,"30":2,"31":2,"32":2,"33":2,"34":2,"35":2,"36":2,"37":2,"38":2,"39":2,"40":2,"41":2,"42":2,"43":2,"44":2,"45":2},"f":{"0":2,"1":2,"2":2,"3":2,"4":2},"b":{"0":[2,2],"1":[2,2],"2":[2,2],"3":[2,2],"4":[2,2]}}
,"/Users/bernardo/Dropbox/_SCHOOL/CODE/willpassoverandeasteroverlap/webapp/src/helpers/formatDates.ts": {"path":"/Users/bernardo/Dropbox/_SCHOOL/CODE/willpassoverandeasteroverlap/webapp/src/helpers/formatDates.ts","statementMap":{"0":{"start":{"line":1,"column":0},"end":{"line":1,"column":72}},"1":{"start":{"line":3,"column":31},"end":{"line":7,"column":1}},"2":{"start":{"line":4,"column":2},"end":{"line":6,"column":4}},"3":{"start":{"line":3,"column":13},"end":{"line":3,"column":31}},"4":{"start":{"line":9,"column":32},"end":{"line":17,"column":1}},"5":{"start":{"line":10,"column":2},"end":{"line":16,"column":4}},"6":{"start":{"line":9,"column":13},"end":{"line":9,"column":32}}},"fnMap":{"0":{"name":"(anonymous_0)","decl":{"start":{"line":3,"column":31},"end":{"line":3,"column":32}},"loc":{"start":{"line":3,"column":42},"end":{"line":7,"column":1}}},"1":{"name":"(anonymous_1)","decl":{"start":{"line":9,"column":32},"end":{"line":9,"column":33}},"loc":{"start":{"line":9,"column":43},"end":{"line":17,"column":1}}}},"branchMap":{},"s":{"0":1,"1":1,"2":1,"3":1,"4":1,"5":1,"6":1},"f":{"0":1,"1":1},"b":{}}
,"/Users/bernardo/Dropbox/_SCHOOL/CODE/willpassoverandeasteroverlap/webapp/src/helpers/getDoEasterAndPassoverOverlap.ts": {"path":"/Users/bernardo/Dropbox/_SCHOOL/CODE/willpassoverandeasteroverlap/webapp/src/helpers/getDoEasterAndPassoverOverlap.ts","statementMap":{"0":{"start":{"line":3,"column":38},"end":{"line":10,"column":1}},"1":{"start":{"line":7,"column":30},"end":{"line":7,"column":49}},"2":{"start":{"line":8,"column":28},"end":{"line":8,"column":45}},"3":{"start":{"line":9,"column":2},"end":{"line":9,"column":66}},"4":{"start":{"line":12,"column":0},"end":{"line":12,"column":45}}},"fnMap":{"0":{"name":"(anonymous_0)","decl":{"start":{"line":3,"column":38},"end":{"line":3,"column":null}},"loc":{"start":{"line":5,"column":18},"end":{"line":10,"column":1}}}},"branchMap":{"0":{"loc":{"start":{"line":9,"column":9},"end":{"line":9,"column":65}},"type":"binary-expr","locations":[{"start":{"line":9,"column":9},"end":{"line":9,"column":36}},{"start":{"line":9,"column":40},"end":{"line":9,"column":65}}]}},"s":{"0":1,"1":6,"2":6,"3":6,"4":1},"f":{"0":6},"b":{"0":[6,4]}}
}
